<?xml version="1.0" encoding="UTF-8"?>
<!-- Generated by org.testng.reporters.JUnitReportReporter -->
<testsuite skipped="0" hostname="PBLAP457" name="testCases.Trial" tests="2" failures="0" timestamp="24 Jan 2020 07:01:53 GMT" time="21.959" errors="0">
  <testcase name="firstCase" time="20.753" classname="testCases.Trial"/>
  <testcase name="second" time="1.206" classname="testCases.Trial"/>
</testsuite> <!-- testCases.Trial -->
